/usr/bin/pm2 -> /usr/lib/node_modules/pm2/bin/pm2
/usr/bin/pm2-dev -> /usr/lib/node_modules/pm2/bin/pm2-dev
pm2@0.14.6 /usr/lib/node_modules/pm2
├── is-iojs@1.1.0
├── isbinaryfile@2.0.4
├── eventemitter2@0.4.14
├── pidusage@0.1.1
├── safe-clone-deep@1.0.5
├── colors@1.1.0
├── commander@2.8.1 (graceful-readlink@1.0.1)
├── debug@2.2.0 (ms@0.7.1)
├── pm2-multimeter@0.1.2 (charm@0.1.2)
├── chalk@1.0.0 (escape-string-regexp@1.0.3, ansi-styles@2.1.0, supports-color@1.3.1, strip-ansi@2.0.1, has-ansi@1.0.3)
├── semver@4.3.6
├── shelljs@0.5.1
├── pm2-deploy@0.1.2 (tv4@1.0.18, async@0.9.2)
├── pm2-axon-rpc@0.3.6 (json-stringify-safe@5.0.1, commander@1.0.5)
├── cli-table@0.3.1 (colors@1.0.3)
├── vizion@0.2.11 (async@0.9.0)
├── pm2-axon@2.0.8 (amp-message@0.1.2, escape-regexp@0.0.1, amp@0.3.1, configurable@0.0.1, debug@2.0.0)
├── nssocket@0.5.3 (lazy@1.0.11)
├── coffee-script@1.9.3
├── pmx@0.3.28 (json-stringify-safe@5.0.1)
├── async@1.2.1
├── pm2-logs@0.1.1 (json-stringify-safe@5.0.1, chalk@0.4.0, pm2-interface@1.1.0, blessed@0.0.36)
├── chokidar@1.0.5 (arrify@1.0.0, path-is-absolute@1.0.0, is-glob@1.1.3, glob-parent@1.2.0, async-each@0.1.6, is-binary-path@1.0.1, readdirp@1.4.0, anymatch@1.3.0)
├── blessed@0.1.61
├── cron@1.0.9 (moment-timezone@0.3.1)
├── moment@2.10.3
└── babel@5.8.21 (slash@1.0.0, path-is-absolute@1.0.0, path-exists@1.0.0, fs-readdir-recursive@0.1.2, convert-source-map@1.1.1, source-map@0.4.4, output-file-sync@1.1.1, glob@5.0.14, lodash@3.10.1, babel-core@5.8.21)
